#
# A fatal error has been detected by the Java Runtime Environment:
#
#  EXCEPTION_ACCESS_VIOLATION (0xc0000005) at pc=0x000000007784f375, pid=5896, tid=0x0000000000005290
#
# JRE version: Java(TM) SE Runtime Environment (8.0_221-b11) (build 1.8.0_221-b11)
# Java VM: Java HotSpot(TM) 64-Bit Server VM (25.221-b11 mixed mode windows-amd64 compressed oops)
# Problematic frame:
# V  [jvm.dll+0xff375]
#
# Failed to write core dump. Minidumps are not enabled by default on client versions of Windows
#
# If you would like to submit a bug report, please visit:
#   http://bugreport.java.com/bugreport/crash.jsp
#

---------------  T H R E A D  ---------------

Current thread (0x0000000025b09800):  VMThread [stack: 0x00000000277f0000,0x00000000278f0000] [id=21136]

siginfo: ExceptionCode=0xc0000005, reading address 0x0000000000000008

Registers:
RAX=0x0000000000000000, RBX=0x000000002555d1c8, RCX=0x0000000000000000, RDX=0x0000000000000000
RSP=0x00000000278ef3a0, RBP=0x000000000000003b, RSI=0x0000000077f65dd0, RDI=0x00000000278ef680
R8 =0x0000000000000000, R9 =0x000000002555d1c8, R10=0x00000000000000ca, R11=0x000000002555e14b
R12=0x0000000000000001, R13=0x0000000000000000, R14=0x00000000000003d8, R15=0x00000000278ef4a0
RIP=0x000000007784f375, EFLAGS=0x0000000000010202

Top of Stack: (sp=0x00000000278ef3a0)
0x00000000278ef3a0:   00000000278ef680 0000000002b608da
0x00000000278ef3b0:   0000000002b60790 0000000000000000
0x00000000278ef3c0:   0000000025995550 000000007784e542
0x00000000278ef3d0:   00000000278ef680 00000000278ef440
0x00000000278ef3e0:   000035ace6682cf6 000000007784f972
0x00000000278ef3f0:   00000000278ef4b0 0000000025995550
0x00000000278ef400:   00000000278ef4c0 00000000278ef680
0x00000000278ef410:   00000000278ef4f0 00000000778525eb
0x00000000278ef420:   000000000000003b 000000000000003b
0x00000000278ef430:   0000000000000046 000000007784f7f6
0x00000000278ef440:   000000000000003b 00000000278ef4f0
0x00000000278ef450:   00000000278ef4b0 0000000000000046
0x00000000278ef460:   000000002555e200 00000000778530ff
0x00000000278ef470:   00000000278ef680 00000000278ef4f0
0x00000000278ef480:   0000000025995550 000000002555e200
0x00000000278ef490:   0000000000000009 0000000000000000 

Instructions: (pc=0x000000007784f375)
0x000000007784f355:   8b d2 e8 54 7f ff ff 48 8b cb 8b d0 e8 5a 78 ff
0x000000007784f365:   ff 48 8d 35 63 6a 71 00 48 63 c8 48 8b 44 cb 50
0x000000007784f375:   0f b6 48 08 8b 05 35 6a 71 00 80 f9 4c 74 2b 80
0x000000007784f385:   f9 5b 74 26 80 f9 4a 74 18 80 f9 44 74 13 48 8d 


Register to memory mapping:

RAX=0x0000000000000000 is an unknown value
RBX=0x000000002555d1c8 is pointing into metadata
RCX=0x0000000000000000 is an unknown value
RDX=0x0000000000000000 is an unknown value
RSP=0x00000000278ef3a0 is an unknown value
RBP=0x000000000000003b is an unknown value
RSI=0x0000000077f65dd0 is an unknown value
RDI=0x00000000278ef680 is an unknown value
R8 =0x0000000000000000 is an unknown value
R9 =0x000000002555d1c8 is pointing into metadata
R10=0x00000000000000ca is an unknown value
R11=0x000000002555e14b is pointing into metadata
R12=0x0000000000000001 is an unknown value
R13=0x0000000000000000 is an unknown value
R14=0x00000000000003d8 is an unknown value
R15=0x00000000278ef4a0 is an unknown value


Stack: [0x00000000277f0000,0x00000000278f0000],  sp=0x00000000278ef3a0,  free space=1020k
Native frames: (J=compiled Java code, j=interpreted, Vv=VM code, C=native code)
V  [jvm.dll+0xff375]
V  [jvm.dll+0x1025eb]
V  [jvm.dll+0x1030ff]
V  [jvm.dll+0x103945]
V  [jvm.dll+0x103b92]
V  [jvm.dll+0xc505e]
V  [jvm.dll+0xc56e8]
V  [jvm.dll+0xc581a]
V  [jvm.dll+0xc5a18]
V  [jvm.dll+0x10f9fa]
V  [jvm.dll+0x12d37f]
V  [jvm.dll+0x1bf5af]
V  [jvm.dll+0x24d517]
V  [jvm.dll+0x24c7b6]
V  [jvm.dll+0x24cc51]
V  [jvm.dll+0x24ce6e]
V  [jvm.dll+0x29fb8a]
C  [msvcr100.dll+0x21d9f]
C  [msvcr100.dll+0x21e3b]
C  [KERNEL32.DLL+0x17bd4]
C  [ntdll.dll+0x6ce51]

VM_Operation (0x000000002862f330): GetOrSetLocal, mode: safepoint, requested by thread 0x0000000027a22800


---------------  P R O C E S S  ---------------

Java Threads: ( => current thread )
  0x0000000027b1a000 JavaThread "Service Thread" daemon [_thread_blocked, id=20548, stack(0x0000000028c30000,0x0000000028d30000)]
  0x0000000027b17000 JavaThread "C1 CompilerThread3" daemon [_thread_blocked, id=22228, stack(0x0000000028b30000,0x0000000028c30000)]
  0x0000000027b0e800 JavaThread "C2 CompilerThread2" daemon [_thread_blocked, id=11484, stack(0x0000000028a30000,0x0000000028b30000)]
  0x0000000027b0d800 JavaThread "C2 CompilerThread1" daemon [_thread_blocked, id=4624, stack(0x0000000028930000,0x0000000028a30000)]
  0x0000000027b1e800 JavaThread "C2 CompilerThread0" daemon [_thread_blocked, id=13180, stack(0x0000000028830000,0x0000000028930000)]
  0x0000000027a33000 JavaThread "JDWP Command Reader" daemon [_thread_in_native, id=19800, stack(0x0000000028730000,0x0000000028830000)]
  0x0000000027a2e800 JavaThread "JDWP Event Helper Thread" daemon [_thread_blocked, id=22348, stack(0x0000000028630000,0x0000000028730000)]
  0x0000000027a22800 JavaThread "JDWP Transport Listener: dt_socket" daemon [_thread_blocked, id=22184, stack(0x0000000028530000,0x0000000028630000)]
  0x0000000027a19000 JavaThread "Attach Listener" daemon [_thread_blocked, id=12600, stack(0x00000000280f0000,0x00000000281f0000)]
  0x0000000027a18800 JavaThread "Signal Dispatcher" daemon [_thread_blocked, id=27552, stack(0x0000000027ff0000,0x00000000280f0000)]
  0x0000000002b59000 JavaThread "Finalizer" daemon [_thread_blocked, id=16240, stack(0x0000000027df0000,0x0000000027ef0000)]
  0x0000000002b58000 JavaThread "Reference Handler" daemon [_thread_blocked, id=27644, stack(0x00000000278f0000,0x00000000279f0000)]
  0x0000000002a62800 JavaThread "main" [_thread_blocked, id=23568, stack(0x0000000002860000,0x0000000002960000)]

Other Threads:
=>0x0000000025b09800 VMThread [stack: 0x00000000277f0000,0x00000000278f0000] [id=21136]
  0x0000000027c27000 WatcherThread [stack: 0x0000000028d30000,0x0000000028e30000] [id=21932]

VM state:at safepoint (normal execution)

VM Mutex/Monitor currently owned by a thread:  ([mutex/lock_event])
[0x00000000027ddd80] Threads_lock - owner thread: 0x0000000025b09800

heap address: 0x00000005c2400000, size: 8156 MB, Compressed Oops mode: Zero based, Oop shift amount: 3
Narrow klass base: 0x0000000000000000, Narrow klass shift: 3
Compressed class space size: 1073741824 Address: 0x00000007c0000000

Heap:
 PSYoungGen      total 152576K, used 10485K [0x0000000716180000, 0x0000000720b80000, 0x00000007c0000000)
  eden space 131072K, 8% used [0x0000000716180000,0x0000000716bbd750,0x000000071e180000)
  from space 21504K, 0% used [0x000000071f680000,0x000000071f680000,0x0000000720b80000)
  to   space 21504K, 0% used [0x000000071e180000,0x000000071e180000,0x000000071f680000)
 ParOldGen       total 348160K, used 0K [0x00000005c2400000, 0x00000005d7800000, 0x0000000716180000)
  object space 348160K, 0% used [0x00000005c2400000,0x00000005c2400000,0x00000005d7800000)
 Metaspace       used 4913K, capacity 5058K, committed 5248K, reserved 1056768K
  class space    used 516K, capacity 561K, committed 640K, reserved 1048576K

Card table byte_map: [0x0000000011f20000,0x0000000012f10000] byte_map_base: 0x000000000f10e000

Marking Bits: (ParMarkBitMap*) 0x0000000077f75ce0
 Begin Bits: [0x00000000141b0000, 0x000000001c120000)
 End Bits:   [0x000000001c120000, 0x0000000024090000)

Polling page: 0x0000000000e50000

CodeCache: size=245760Kb used=1650Kb max_used=1650Kb free=244109Kb
 bounds [0x0000000002b60000, 0x0000000002dd0000, 0x0000000011b60000]
 total_blobs=457 nmethods=169 adapters=209
 compilation: enabled

Compilation events (10 events):
Event: 64.653 Thread 0x0000000027b17000  165       3       org.eclipse.jdt.launching.internal.org.objectweb.asm.MethodWriter::visitMethodInsn (191 bytes)
Event: 64.654 Thread 0x0000000027b17000 nmethod 165 0x0000000002cfb6d0 code [0x0000000002cfb8e0, 0x0000000002cfc428]
Event: 64.654 Thread 0x0000000027b17000  166       3       org.eclipse.jdt.launching.internal.org.objectweb.asm.SymbolTable::addConstantMethodref (24 bytes)
Event: 64.654 Thread 0x0000000027b17000 nmethod 166 0x0000000002cc8290 code [0x0000000002cc8400, 0x0000000002cc8628]
Event: 64.654 Thread 0x0000000027b17000  164       3       org.eclipse.jdt.launching.internal.org.objectweb.asm.ByteVector::put11 (52 bytes)
Event: 64.654 Thread 0x0000000027b17000 nmethod 164 0x0000000002cfc950 code [0x0000000002cfcac0, 0x0000000002cfcd28]
Event: 64.654 Thread 0x0000000027b17000  169       1       org.eclipse.jdt.launching.internal.org.objectweb.asm.MethodWriter::hasAsmInstructions (5 bytes)
Event: 64.654 Thread 0x0000000027b17000 nmethod 169 0x0000000002cbde10 code [0x0000000002cbdf60, 0x0000000002cbe070]
Event: 64.654 Thread 0x0000000027b17000  167       1       org.eclipse.jdt.launching.internal.org.objectweb.asm.SymbolTable::getSource (5 bytes)
Event: 64.654 Thread 0x0000000027b17000 nmethod 167 0x0000000002cfced0 code [0x0000000002cfd020, 0x0000000002cfd130]

GC Heap History (0 events):
No events

Deoptimization events (1 events):
Event: 40.414 Thread 0x0000000002a62800 Uncommon trap: reason=unstable_if action=reinterpret pc=0x0000000002cbdb24 method=java.util.Random.nextInt(I)I @ 58

Classes redefined (3 events):
Event: 16.282 Thread 0x0000000025b09800 redefined class name=Board, count=1
Event: 33.198 Thread 0x0000000025b09800 redefined class name=Board, count=2
Event: 64.627 Thread 0x0000000025b09800 redefined class name=Board, count=3

Internal exceptions (2 events):
Event: 0.058 Thread 0x0000000002a62800 Exception <a 'java/lang/NoSuchMethodError': Method sun.misc.Unsafe.defineClass(Ljava/lang/String;[BII)Ljava/lang/Class; name or signature does not match> (0x0000000716187cb8) thrown at [C:\re\workspace\8-2-build-windows-amd64-cygwin\jdk8u221\13320\hotspot
Event: 0.058 Thread 0x0000000002a62800 Exception <a 'java/lang/NoSuchMethodError': Method sun.misc.Unsafe.prefetchRead(Ljava/lang/Object;J)V name or signature does not match> (0x0000000716187fa0) thrown at [C:\re\workspace\8-2-build-windows-amd64-cygwin\jdk8u221\13320\hotspot\src\share\vm\prim

Events (10 events):
Event: 73.424 Executing VM operation: GetCurrentContendedMonitor done
Event: 73.424 Executing VM operation: GetOwnedMonitorInfo
Event: 73.424 Executing VM operation: GetOwnedMonitorInfo done
Event: 73.424 Executing VM operation: GetCurrentContendedMonitor
Event: 73.424 Executing VM operation: GetCurrentContendedMonitor done
Event: 73.425 Executing VM operation: GetCurrentContendedMonitor
Event: 73.425 Executing VM operation: GetCurrentContendedMonitor done
Event: 73.425 Executing VM operation: GetOwnedMonitorInfo
Event: 73.425 Executing VM operation: GetOwnedMonitorInfo done
Event: 73.560 Executing VM operation: GetOrSetLocal


Dynamic libraries:
0x00007ff6dbf70000 - 0x00007ff6dbfa7000 	C:\Program Files\Java\jre1.8.0_221\bin\javaw.exe
0x00007ff853440000 - 0x00007ff853630000 	C:\WINDOWS\SYSTEM32\ntdll.dll
0x00007ff80d7d0000 - 0x00007ff80d7e3000 	C:\Program Files\AVAST Software\Avast\aswhook.dll
0x00007ff8515f0000 - 0x00007ff8516a2000 	C:\WINDOWS\System32\KERNEL32.DLL
0x00007ff850f40000 - 0x00007ff8511e4000 	C:\WINDOWS\System32\KERNELBASE.dll
0x00007ff852200000 - 0x00007ff8522a3000 	C:\WINDOWS\System32\ADVAPI32.dll
0x00007ff8514f0000 - 0x00007ff85158e000 	C:\WINDOWS\System32\msvcrt.dll
0x00007ff853360000 - 0x00007ff8533f7000 	C:\WINDOWS\System32\sechost.dll
0x00007ff8525e0000 - 0x00007ff852700000 	C:\WINDOWS\System32\RPCRT4.dll
0x00007ff852410000 - 0x00007ff8525a4000 	C:\WINDOWS\System32\USER32.dll
0x00007ff8503d0000 - 0x00007ff8503f1000 	C:\WINDOWS\System32\win32u.dll
0x00007ff8515c0000 - 0x00007ff8515e6000 	C:\WINDOWS\System32\GDI32.dll
0x00007ff851270000 - 0x00007ff851404000 	C:\WINDOWS\System32\gdi32full.dll
0x00007ff850ea0000 - 0x00007ff850f3e000 	C:\WINDOWS\System32\msvcp_win.dll
0x00007ff850b80000 - 0x00007ff850c7a000 	C:\WINDOWS\System32\ucrtbase.dll
0x00007ff83d0d0000 - 0x00007ff83d354000 	C:\WINDOWS\WinSxS\amd64_microsoft.windows.common-controls_6595b64144ccf1df_6.0.18362.836_none_e6c4b943130f18ed\COMCTL32.dll
0x00007ff853020000 - 0x00007ff853356000 	C:\WINDOWS\System32\combase.dll
0x00007ff8511f0000 - 0x00007ff851270000 	C:\WINDOWS\System32\bcryptPrimitives.dll
0x00007ff851590000 - 0x00007ff8515be000 	C:\WINDOWS\System32\IMM32.DLL
0x0000000051000000 - 0x00000000510d2000 	C:\Program Files\Java\jre1.8.0_221\bin\msvcr100.dll
0x0000000077750000 - 0x0000000077ff5000 	C:\Program Files\Java\jre1.8.0_221\bin\server\jvm.dll
0x00007ff8517f0000 - 0x00007ff8517f8000 	C:\WINDOWS\System32\PSAPI.DLL
0x00007ff8399c0000 - 0x00007ff8399c9000 	C:\WINDOWS\SYSTEM32\WSOCK32.dll
0x00007ff8520b0000 - 0x00007ff85211f000 	C:\WINDOWS\System32\WS2_32.dll
0x00007ff849ab0000 - 0x00007ff849ad4000 	C:\WINDOWS\SYSTEM32\WINMM.dll
0x00007ff844770000 - 0x00007ff84477a000 	C:\WINDOWS\SYSTEM32\VERSION.dll
0x00007ff849a80000 - 0x00007ff849aad000 	C:\WINDOWS\SYSTEM32\WINMMBASE.dll
0x00007ff850c80000 - 0x00007ff850cca000 	C:\WINDOWS\System32\cfgmgr32.dll
0x00007ff83bb40000 - 0x00007ff83bb4f000 	C:\Program Files\Java\jre1.8.0_221\bin\verify.dll
0x00007ff831ed0000 - 0x00007ff831ef9000 	C:\Program Files\Java\jre1.8.0_221\bin\java.dll
0x00007ff831e90000 - 0x00007ff831ec5000 	C:\Program Files\Java\jre1.8.0_221\bin\jdwp.dll
0x00007ff8399d0000 - 0x00007ff8399d8000 	C:\Program Files\Java\jre1.8.0_221\bin\npt.dll
0x00007ff823e80000 - 0x00007ff823ea3000 	C:\Program Files\Java\jre1.8.0_221\bin\instrument.dll
0x00007ff831e70000 - 0x00007ff831e86000 	C:\Program Files\Java\jre1.8.0_221\bin\zip.dll
0x00007ff8528b0000 - 0x00007ff852f94000 	C:\WINDOWS\System32\SHELL32.dll
0x00007ff851a60000 - 0x00007ff851b09000 	C:\WINDOWS\System32\shcore.dll
0x00007ff850400000 - 0x00007ff850b7e000 	C:\WINDOWS\System32\windows.storage.dll
0x00007ff8503a0000 - 0x00007ff8503c3000 	C:\WINDOWS\System32\profapi.dll
0x00007ff850330000 - 0x00007ff85037a000 	C:\WINDOWS\System32\powrprof.dll
0x00007ff850300000 - 0x00007ff850310000 	C:\WINDOWS\System32\UMPDC.dll
0x00007ff851950000 - 0x00007ff8519a2000 	C:\WINDOWS\System32\shlwapi.dll
0x00007ff850310000 - 0x00007ff850321000 	C:\WINDOWS\System32\kernel.appcore.dll
0x00007ff850e80000 - 0x00007ff850e97000 	C:\WINDOWS\System32\cryptsp.dll
0x00007ff834e20000 - 0x00007ff834e29000 	C:\Program Files\Java\jre1.8.0_221\bin\dt_socket.dll
0x00007ff8338e0000 - 0x00007ff8338f6000 	C:\WINDOWS\system32\napinsp.dll
0x00007ff8338c0000 - 0x00007ff8338da000 	C:\WINDOWS\system32\pnrpnsp.dll
0x00007ff84fb70000 - 0x00007ff84fbd7000 	C:\WINDOWS\System32\mswsock.dll
0x00007ff84f8c0000 - 0x00007ff84f98b000 	C:\WINDOWS\SYSTEM32\DNSAPI.dll
0x00007ff852120000 - 0x00007ff852128000 	C:\WINDOWS\System32\NSI.dll
0x00007ff84f880000 - 0x00007ff84f8ba000 	C:\WINDOWS\SYSTEM32\IPHLPAPI.DLL
0x00007ff833520000 - 0x00007ff83352e000 	C:\WINDOWS\System32\winrnr.dll
0x00007ff8498d0000 - 0x00007ff8498ec000 	C:\WINDOWS\system32\NLAapi.dll
0x00007ff848a80000 - 0x00007ff848a95000 	C:\WINDOWS\system32\wshbth.dll
0x00007ff843b60000 - 0x00007ff843bd7000 	C:\WINDOWS\System32\fwpuclnt.dll
0x00007ff851410000 - 0x00007ff851436000 	C:\WINDOWS\System32\bcrypt.dll
0x00007ff846360000 - 0x00007ff84636a000 	C:\Windows\System32\rasadhlp.dll
0x00007ff84bbc0000 - 0x00007ff84bdb4000 	C:\WINDOWS\SYSTEM32\dbghelp.dll

VM Arguments:
jvm_args: -agentlib:jdwp=transport=dt_socket,suspend=y,address=localhost:64352 -javaagent:C:\Users\maria\eclipse\jee-2019-06\eclipse\configuration\org.eclipse.osgi\1268\0\.cp\lib\javaagent-shaded.jar -Dfile.encoding=Cp1252 
java_command: Board
java_class_path (initial): C:\Users\maria\eclipse-workspace\coursera\bin;C:\Users\maria\Downloads\torrent\algs4.jar;C:\Users\maria\eclipse\jee-2019-06\eclipse\configuration\org.eclipse.osgi\1268\0\.cp\lib\javaagent-shaded.jar
Launcher Type: SUN_STANDARD

Environment Variables:
PATH=C:\Program Files\Intel\iCLS Client\;C:\Windows\system32;C:\Windows;C:\Windows\System32\Wbem;C:\Windows\System32\WindowsPowerShell\v1.0\;C:\Program Files (x86)\NVIDIA Corporation\PhysX\Common;C:\Program Files\Java\jdk1.8.0_221;C:\WINDOWS\system32;C:\WINDOWS;C:\WINDOWS\System32\Wbem;C:\WINDOWS\System32\WindowsPowerShell\v1.0\;C:\WINDOWS\System32\OpenSSH\;C:\Program Files\NVIDIA Corporation\NVIDIA NvDLISR;C:\Program Files\Git\cmd;C:\Users\maria\AppData\Local\Microsoft\WindowsApps;C:\Program Files\Java\javafx-sdk-11.0.2\bin;C:\Program Files\Java\jdk-12.0.2\bin;C:\Program Files (x86)\Intel\Intel(R) Management Engine Components\DAL;C:\Program Files\Intel\Intel(R) Management Engine Components\DAL;C:\Users\maria\AppData\Local\Microsoft\WindowsApps;;C:\Users\maria\AppData\Local\Programs\Microsoft VS Code\bin
USERNAME=maria
OS=Windows_NT
PROCESSOR_IDENTIFIER=Intel64 Family 6 Model 158 Stepping 9, GenuineIntel



---------------  S Y S T E M  ---------------

OS: Windows 10.0 , 64 bit Build 18362 (10.0.18362.778)

CPU:total 8 (initial active 8) (4 cores per cpu, 2 threads per core) family 6 model 158 stepping 9, cmov, cx8, fxsr, mmx, sse, sse2, sse3, ssse3, sse4.1, sse4.2, popcnt, avx, avx2, aes, clmul, erms, 3dnowpref, lzcnt, ht, tsc, tscinvbit, bmi1, bmi2, adx

Memory: 4k page, physical 33402824k(22847720k free), swap 38383560k(25558408k free)

vm_info: Java HotSpot(TM) 64-Bit Server VM (25.221-b11) for windows-amd64 JRE (1.8.0_221-b11), built on Jul  4 2019 04:39:29 by "java_re" with MS VC++ 10.0 (VS2010)

time: Thu May 28 12:36:57 2020
timezone: Egypt Standard Time
elapsed time: 73 seconds (0d 0h 1m 13s)

